Performing C++ SOURCE FILE Test _fbracket_depth_4096 failed with the following output:
Change Dir: /home/yzcc/XS-MLVP/Nutshell-cache/workload/build/CMakeFiles/CMakeTmp

Run Build Command(s):/usr/bin/gmake -f Makefile cmTC_e86ca/fast && gmake[1]: Entering directory '/home/yzcc/XS-MLVP/Nutshell-cache/workload/build/CMakeFiles/CMakeTmp'
/usr/bin/gmake  -f CMakeFiles/cmTC_e86ca.dir/build.make CMakeFiles/cmTC_e86ca.dir/build
gmake[2]: Entering directory '/home/yzcc/XS-MLVP/Nutshell-cache/workload/build/CMakeFiles/CMakeTmp'
Building CXX object CMakeFiles/cmTC_e86ca.dir/src.cxx.o
/usr/bin/c++ -D_fbracket_depth_4096  -fcoroutines -ftls-model=global-dynamic     -fbracket-depth=4096 -std=gnu++20 -o CMakeFiles/cmTC_e86ca.dir/src.cxx.o -c /home/yzcc/XS-MLVP/Nutshell-cache/workload/build/CMakeFiles/CMakeTmp/src.cxx
c++: error: unrecognized command-line option '-fbracket-depth=4096'
gmake[2]: *** [CMakeFiles/cmTC_e86ca.dir/build.make:78: CMakeFiles/cmTC_e86ca.dir/src.cxx.o] Error 1
gmake[2]: Leaving directory '/home/yzcc/XS-MLVP/Nutshell-cache/workload/build/CMakeFiles/CMakeTmp'
gmake[1]: *** [Makefile:127: cmTC_e86ca/fast] Error 2
gmake[1]: Leaving directory '/home/yzcc/XS-MLVP/Nutshell-cache/workload/build/CMakeFiles/CMakeTmp'


Source file was:
int main() { return 0; }
Performing C++ SOURCE FILE Test _mno_cet failed with the following output:
Change Dir: /home/yzcc/XS-MLVP/Nutshell-cache/workload/build/CMakeFiles/CMakeTmp

Run Build Command(s):/usr/bin/gmake -f Makefile cmTC_71c0f/fast && gmake[1]: Entering directory '/home/yzcc/XS-MLVP/Nutshell-cache/workload/build/CMakeFiles/CMakeTmp'
/usr/bin/gmake  -f CMakeFiles/cmTC_71c0f.dir/build.make CMakeFiles/cmTC_71c0f.dir/build
gmake[2]: Entering directory '/home/yzcc/XS-MLVP/Nutshell-cache/workload/build/CMakeFiles/CMakeTmp'
Building CXX object CMakeFiles/cmTC_71c0f.dir/src.cxx.o
/usr/bin/c++ -D_mno_cet  -fcoroutines -ftls-model=global-dynamic     -mno-cet -std=gnu++20 -o CMakeFiles/cmTC_71c0f.dir/src.cxx.o -c /home/yzcc/XS-MLVP/Nutshell-cache/workload/build/CMakeFiles/CMakeTmp/src.cxx
c++: error: unrecognized command-line option '-mno-cet'; did you mean '-mno-aes'?
gmake[2]: *** [CMakeFiles/cmTC_71c0f.dir/build.make:78: CMakeFiles/cmTC_71c0f.dir/src.cxx.o] Error 1
gmake[2]: Leaving directory '/home/yzcc/XS-MLVP/Nutshell-cache/workload/build/CMakeFiles/CMakeTmp'
gmake[1]: *** [Makefile:127: cmTC_71c0f/fast] Error 2
gmake[1]: Leaving directory '/home/yzcc/XS-MLVP/Nutshell-cache/workload/build/CMakeFiles/CMakeTmp'


Source file was:
int main() { return 0; }
Performing C++ SOURCE FILE Test _Qunused_arguments failed with the following output:
Change Dir: /home/yzcc/XS-MLVP/Nutshell-cache/workload/build/CMakeFiles/CMakeTmp

Run Build Command(s):/usr/bin/gmake -f Makefile cmTC_aed7d/fast && gmake[1]: Entering directory '/home/yzcc/XS-MLVP/Nutshell-cache/workload/build/CMakeFiles/CMakeTmp'
/usr/bin/gmake  -f CMakeFiles/cmTC_aed7d.dir/build.make CMakeFiles/cmTC_aed7d.dir/build
gmake[2]: Entering directory '/home/yzcc/XS-MLVP/Nutshell-cache/workload/build/CMakeFiles/CMakeTmp'
Building CXX object CMakeFiles/cmTC_aed7d.dir/src.cxx.o
/usr/bin/c++ -D_Qunused_arguments  -fcoroutines -ftls-model=global-dynamic     -Qunused-arguments -std=gnu++20 -o CMakeFiles/cmTC_aed7d.dir/src.cxx.o -c /home/yzcc/XS-MLVP/Nutshell-cache/workload/build/CMakeFiles/CMakeTmp/src.cxx
c++: error: unrecognized command-line option '-Qunused-arguments'
gmake[2]: *** [CMakeFiles/cmTC_aed7d.dir/build.make:78: CMakeFiles/cmTC_aed7d.dir/src.cxx.o] Error 1
gmake[2]: Leaving directory '/home/yzcc/XS-MLVP/Nutshell-cache/workload/build/CMakeFiles/CMakeTmp'
gmake[1]: *** [Makefile:127: cmTC_aed7d/fast] Error 2
gmake[1]: Leaving directory '/home/yzcc/XS-MLVP/Nutshell-cache/workload/build/CMakeFiles/CMakeTmp'


Source file was:
int main() { return 0; }
Performing C++ SOURCE FILE Test _mt failed with the following output:
Change Dir: /home/yzcc/XS-MLVP/Nutshell-cache/workload/build/CMakeFiles/CMakeTmp

Run Build Command(s):/usr/bin/gmake -f Makefile cmTC_29cb7/fast && gmake[1]: Entering directory '/home/yzcc/XS-MLVP/Nutshell-cache/workload/build/CMakeFiles/CMakeTmp'
/usr/bin/gmake  -f CMakeFiles/cmTC_29cb7.dir/build.make CMakeFiles/cmTC_29cb7.dir/build
gmake[2]: Entering directory '/home/yzcc/XS-MLVP/Nutshell-cache/workload/build/CMakeFiles/CMakeTmp'
Building CXX object CMakeFiles/cmTC_29cb7.dir/src.cxx.o
/usr/bin/c++ -D_mt  -fcoroutines -ftls-model=global-dynamic   -std=gnu++20 -o CMakeFiles/cmTC_29cb7.dir/src.cxx.o -c /home/yzcc/XS-MLVP/Nutshell-cache/workload/build/CMakeFiles/CMakeTmp/src.cxx
Linking CXX executable cmTC_29cb7
/usr/bin/cmake -E cmake_link_script CMakeFiles/cmTC_29cb7.dir/link.txt --verbose=1
/usr/bin/c++  -fcoroutines -ftls-model=global-dynamic   CMakeFiles/cmTC_29cb7.dir/src.cxx.o -o cmTC_29cb7  -mt 
c++: error: unrecognized command-line option ‘-mt’; did you mean ‘-MT’?
gmake[2]: *** [CMakeFiles/cmTC_29cb7.dir/build.make:99: cmTC_29cb7] Error 1
gmake[2]: Leaving directory '/home/yzcc/XS-MLVP/Nutshell-cache/workload/build/CMakeFiles/CMakeTmp'
gmake[1]: *** [Makefile:127: cmTC_29cb7/fast] Error 2
gmake[1]: Leaving directory '/home/yzcc/XS-MLVP/Nutshell-cache/workload/build/CMakeFiles/CMakeTmp'


Source file was:
int main() {return 0;}

