Performing C++ SOURCE FILE Test _fbracket_depth_4096 failed with the following output:
Change Dir: /home/yzcc/XS-MLVP/Nutshell-cache/workload/UT_Cache/build/CMakeFiles/CMakeTmp

Run Build Command(s):/usr/bin/gmake -f Makefile cmTC_5e77c/fast && gmake[3]: Entering directory '/home/yzcc/XS-MLVP/Nutshell-cache/workload/UT_Cache/build/CMakeFiles/CMakeTmp'
/usr/bin/gmake  -f CMakeFiles/cmTC_5e77c.dir/build.make CMakeFiles/cmTC_5e77c.dir/build
gmake[4]: Entering directory '/home/yzcc/XS-MLVP/Nutshell-cache/workload/UT_Cache/build/CMakeFiles/CMakeTmp'
Building CXX object CMakeFiles/cmTC_5e77c.dir/src.cxx.o
/usr/bin/c++ -D_fbracket_depth_4096  -std=c++20 -fcoroutines -ftls-model=global-dynamic    -fbracket-depth=4096 -std=gnu++20 -o CMakeFiles/cmTC_5e77c.dir/src.cxx.o -c /home/yzcc/XS-MLVP/Nutshell-cache/workload/UT_Cache/build/CMakeFiles/CMakeTmp/src.cxx
c++: error: unrecognized command-line option '-fbracket-depth=4096'
gmake[4]: *** [CMakeFiles/cmTC_5e77c.dir/build.make:78: CMakeFiles/cmTC_5e77c.dir/src.cxx.o] Error 1
gmake[4]: Leaving directory '/home/yzcc/XS-MLVP/Nutshell-cache/workload/UT_Cache/build/CMakeFiles/CMakeTmp'
gmake[3]: *** [Makefile:127: cmTC_5e77c/fast] Error 2
gmake[3]: Leaving directory '/home/yzcc/XS-MLVP/Nutshell-cache/workload/UT_Cache/build/CMakeFiles/CMakeTmp'


Source file was:
int main() { return 0; }
Performing C++ SOURCE FILE Test _mno_cet failed with the following output:
Change Dir: /home/yzcc/XS-MLVP/Nutshell-cache/workload/UT_Cache/build/CMakeFiles/CMakeTmp

Run Build Command(s):/usr/bin/gmake -f Makefile cmTC_fa499/fast && gmake[3]: Entering directory '/home/yzcc/XS-MLVP/Nutshell-cache/workload/UT_Cache/build/CMakeFiles/CMakeTmp'
/usr/bin/gmake  -f CMakeFiles/cmTC_fa499.dir/build.make CMakeFiles/cmTC_fa499.dir/build
gmake[4]: Entering directory '/home/yzcc/XS-MLVP/Nutshell-cache/workload/UT_Cache/build/CMakeFiles/CMakeTmp'
Building CXX object CMakeFiles/cmTC_fa499.dir/src.cxx.o
/usr/bin/c++ -D_mno_cet  -std=c++20 -fcoroutines -ftls-model=global-dynamic    -mno-cet -std=gnu++20 -o CMakeFiles/cmTC_fa499.dir/src.cxx.o -c /home/yzcc/XS-MLVP/Nutshell-cache/workload/UT_Cache/build/CMakeFiles/CMakeTmp/src.cxx
c++: error: unrecognized command-line option '-mno-cet'; did you mean '-mno-aes'?
gmake[4]: *** [CMakeFiles/cmTC_fa499.dir/build.make:78: CMakeFiles/cmTC_fa499.dir/src.cxx.o] Error 1
gmake[4]: Leaving directory '/home/yzcc/XS-MLVP/Nutshell-cache/workload/UT_Cache/build/CMakeFiles/CMakeTmp'
gmake[3]: *** [Makefile:127: cmTC_fa499/fast] Error 2
gmake[3]: Leaving directory '/home/yzcc/XS-MLVP/Nutshell-cache/workload/UT_Cache/build/CMakeFiles/CMakeTmp'


Source file was:
int main() { return 0; }
Performing C++ SOURCE FILE Test _Qunused_arguments failed with the following output:
Change Dir: /home/yzcc/XS-MLVP/Nutshell-cache/workload/UT_Cache/build/CMakeFiles/CMakeTmp

Run Build Command(s):/usr/bin/gmake -f Makefile cmTC_fe272/fast && gmake[3]: Entering directory '/home/yzcc/XS-MLVP/Nutshell-cache/workload/UT_Cache/build/CMakeFiles/CMakeTmp'
/usr/bin/gmake  -f CMakeFiles/cmTC_fe272.dir/build.make CMakeFiles/cmTC_fe272.dir/build
gmake[4]: Entering directory '/home/yzcc/XS-MLVP/Nutshell-cache/workload/UT_Cache/build/CMakeFiles/CMakeTmp'
Building CXX object CMakeFiles/cmTC_fe272.dir/src.cxx.o
/usr/bin/c++ -D_Qunused_arguments  -std=c++20 -fcoroutines -ftls-model=global-dynamic    -Qunused-arguments -std=gnu++20 -o CMakeFiles/cmTC_fe272.dir/src.cxx.o -c /home/yzcc/XS-MLVP/Nutshell-cache/workload/UT_Cache/build/CMakeFiles/CMakeTmp/src.cxx
c++: error: unrecognized command-line option '-Qunused-arguments'
gmake[4]: *** [CMakeFiles/cmTC_fe272.dir/build.make:78: CMakeFiles/cmTC_fe272.dir/src.cxx.o] Error 1
gmake[4]: Leaving directory '/home/yzcc/XS-MLVP/Nutshell-cache/workload/UT_Cache/build/CMakeFiles/CMakeTmp'
gmake[3]: *** [Makefile:127: cmTC_fe272/fast] Error 2
gmake[3]: Leaving directory '/home/yzcc/XS-MLVP/Nutshell-cache/workload/UT_Cache/build/CMakeFiles/CMakeTmp'


Source file was:
int main() { return 0; }
Performing C++ SOURCE FILE Test _mt failed with the following output:
Change Dir: /home/yzcc/XS-MLVP/Nutshell-cache/workload/UT_Cache/build/CMakeFiles/CMakeTmp

Run Build Command(s):/usr/bin/gmake -f Makefile cmTC_ce99d/fast && gmake[3]: Entering directory '/home/yzcc/XS-MLVP/Nutshell-cache/workload/UT_Cache/build/CMakeFiles/CMakeTmp'
/usr/bin/gmake  -f CMakeFiles/cmTC_ce99d.dir/build.make CMakeFiles/cmTC_ce99d.dir/build
gmake[4]: Entering directory '/home/yzcc/XS-MLVP/Nutshell-cache/workload/UT_Cache/build/CMakeFiles/CMakeTmp'
Building CXX object CMakeFiles/cmTC_ce99d.dir/src.cxx.o
/usr/bin/c++ -D_mt  -std=c++20 -fcoroutines -ftls-model=global-dynamic  -std=gnu++20 -o CMakeFiles/cmTC_ce99d.dir/src.cxx.o -c /home/yzcc/XS-MLVP/Nutshell-cache/workload/UT_Cache/build/CMakeFiles/CMakeTmp/src.cxx
Linking CXX executable cmTC_ce99d
/usr/bin/cmake -E cmake_link_script CMakeFiles/cmTC_ce99d.dir/link.txt --verbose=1
/usr/bin/c++  -std=c++20 -fcoroutines -ftls-model=global-dynamic  CMakeFiles/cmTC_ce99d.dir/src.cxx.o -o cmTC_ce99d  -mt 
c++: error: unrecognized command-line option ‘-mt’; did you mean ‘-MT’?
gmake[4]: *** [CMakeFiles/cmTC_ce99d.dir/build.make:99: cmTC_ce99d] Error 1
gmake[4]: Leaving directory '/home/yzcc/XS-MLVP/Nutshell-cache/workload/UT_Cache/build/CMakeFiles/CMakeTmp'
gmake[3]: *** [Makefile:127: cmTC_ce99d/fast] Error 2
gmake[3]: Leaving directory '/home/yzcc/XS-MLVP/Nutshell-cache/workload/UT_Cache/build/CMakeFiles/CMakeTmp'


Source file was:
int main() {return 0;}

